2025-04-08 01:32:07.070565 - Received CBT.V508.FILE090.PDS from FILE090.XMI 
2025-04-08 01:32:07.074824 - Found $$$#DATE.txt (text/plain) in CBT.V508.FILE090.PDS, moved to PDS/$$$#DATE
2025-04-08 01:32:07.076467 - Found $$DOC.txt (text/plain) in CBT.V508.FILE090.PDS, moved to PDS/$$DOC
2025-04-08 01:32:07.078073 - Found $$DOC2.txt (text/plain) in CBT.V508.FILE090.PDS, moved to PDS/$$DOC2
2025-04-08 01:32:07.079578 - Found @FILE090.txt (text/plain) in CBT.V508.FILE090.PDS, moved to PDS/@FILE090
2025-04-08 01:32:07.084296 - Found DCFDOC.txt (text/plain) in CBT.V508.FILE090.PDS, moved to PDS/DCFDOC
2025-04-08 01:32:07.086818 - Found DELINK.txt (text/plain) in CBT.V508.FILE090.PDS, moved to PDS/DELINK
2025-04-08 01:32:07.088303 - Found DWNMPRLG.txt (text/plain) in CBT.V508.FILE090.PDS, moved to PDS/DWNMPRLG
2025-04-08 01:32:07.089885 - Found DWNSCAN.txt (text/plain) in CBT.V508.FILE090.PDS, moved to PDS/DWNSCAN
2025-04-08 01:32:07.091353 - Found DWNSHEX.txt (text/plain) in CBT.V508.FILE090.PDS, moved to PDS/DWNSHEX
2025-04-08 01:32:07.092899 - Found DWNSPDSR.txt (text/plain) in CBT.V508.FILE090.PDS, moved to PDS/DWNSPDSR
2025-04-08 01:32:07.094336 - Found DWNYBLDL.txt (text/plain) in CBT.V508.FILE090.PDS, moved to PDS/DWNYBLDL
2025-04-08 01:32:07.095899 - Found FMBLOCK.txt (text/plain) in CBT.V508.FILE090.PDS, moved to PDS/FMBLOCK
2025-04-08 01:32:07.097480 - Found FMCREDT.txt (text/plain) in CBT.V508.FILE090.PDS, moved to PDS/FMCREDT
2025-04-08 01:32:07.099199 - Found FMSTART.txt (text/plain) in CBT.V508.FILE090.PDS, moved to PDS/FMSTART
2025-04-08 01:32:07.100717 - Found FMWORK1.txt (text/plain) in CBT.V508.FILE090.PDS, moved to PDS/FMWORK1
2025-04-08 01:32:07.102081 - Found FMWORK2.txt (text/plain) in CBT.V508.FILE090.PDS, moved to PDS/FMWORK2
2025-04-08 01:32:07.103468 - Found PLIICB.txt (text/plain) in CBT.V508.FILE090.PDS, moved to PDS/PLIICB
2025-04-08 01:32:07.104940 - Found PLISIG.txt (text/plain) in CBT.V508.FILE090.PDS, moved to PDS/PLISIG
2025-04-08 01:32:07.106572 - Found XMITBOOK.xmi (application/xmit) in CBT.V508.FILE090.PDS, moved to PDS/XMITBOOK.xmi
2025-04-08 01:32:07.111596 - Received UBQ001.DELINK.INF from XMITBOOK.xmi 
2025-04-08 01:32:07.113893 - Found UBQ001.DELINK.INF.x-os2-inf (application/x-os2-inf), moved to XMITBOOK/UBQ001.DELINK.INF
